Arguments: 
  /usr/local/Cellar/node/14.5.0/bin/node /usr/local/Cellar/yarn/1.22.4/libexec/bin/yarn.js add -D minimist

PATH: 
  /usr/local/bin:/usr/bin:/bin:/usr/sbin:/sbin:/Users/shukantpal/SilcosKernel/Build/bin:/usr/local/go/bin:/opt/X11/bin:/Library/Apple/usr/bin:/usr/local/opt/llvm/bin:/Users/shukantpal/.nvm/versions/node/v12.7.0/bin

Yarn version: 
  1.22.4

Node version: 
  14.5.0

Platform: 
  darwin x64

Trace: 
  Error: EINVAL: invalid argument, mkdir '/Users/shukantpal/Web Projects/pixi-projection/node_modules/@pixi/core/node_modules/@pixi'

npm manifest: 
  {
    "name": "pixi-projection",
    "version": "0.3.12",
    "description": "Projections (2.5d, 3d and bilinear) for pixi v^5",
    "author": "Ivan Popelyshev",
    "contributors": [
      "Ivan Popelyshev <ivan.popelyshev@gmail.com>",
      "Shukant K. Pal <shukantpal@outlook.com>"
    ],
    "main": "./dist/pixi-projection.js",
    "types": "./dist/pixi-projection.d.ts",
    "homepage": "https://github.com/pixijs/pixi-projection",
    "bugs": {
      "url": "https://github.com/pixijs/pixi-projection/issues"
    },
    "license": "MIT",
    "repository": {
      "type": "git",
      "url": "https://github.com/pixijs/pixi-projection.git"
    },
    "scripts": {
      "cleanup": "rimraf bin && mkdirp dist",
      "prestart": "pnpm cleanup",
      "start": "parallelshell \"pnpm watch\"",
      "watch": "tsc -w",
      "prebuild": "pnpm cleanup",
      "make:dts": "node scripts/make_dts.js && node scripts/make_dts_no_spine.js",
      "build": "tsc && tsc -p tsconfig-no-spine.json && pnpm make:dts",
      "docs": "jsdoc -c scripts/jsdoc.conf.json -R README.md",
      "check:browserify": "pnpm checkpack -- browserify -e test/checkpack.ts",
      "check:webpack": "pnpm checkpack -- webpack -e test/checkpack.ts",
      "check:vanillajs": "pnpm checkpack -- vanillajs -e test/checkpack.ts",
      "check:all": "pnpm build && pnpm check:browserify && pnpm check:webpack && pnpm check:vanillajs"
    },
    "files": [
      "dist/",
      "src/",
      "package.json",
      "README.md"
    ],
    "devDependencies": {
      "@pixi/core": "^5.3.3",
      "@pixi/display": "^5.3.3",
      "@pixi/eslint-config": "^1.0.1",
      "@pixi/graphics": "^5.3.3",
      "@pixi/math": "^5.3.3",
      "@pixi/mesh-extras": "^5.3.3",
      "@pixi/sprite": "^5.3.3",
      "@typescript-eslint/eslint-plugin": "^3.10.1",
      "@typescript-eslint/parser": "^3.10.1",
      "checkpack": "^0.3",
      "del": "^2.2.0",
      "eslint": "^7.7.0",
      "jaguarjs-jsdoc": "^1.0.1",
      "jsdoc": "^3.4.0",
      "mkdirp": "^0.5.1",
      "parallelshell": "^2.0.0",
      "pixi-spine": "~2.0.2",
      "pixi.js": "~5.2.1",
      "rimraf": "^2.5.3",
      "typescript": "^3.5.3"
    }
  }

yarn manifest: 
  No manifest

Lockfile: 
  No lockfile
